16	16384	13.129	  551.7241
16	32768	13.440	  995.1409
16	65536	12.997	 1617.6936
16	131072	12.996	 3020.6490
16	262144	13.050	 4589.3558
16	524288	13.167	 6106.5972
16	1048576	13.085	 7410.2214
32	16384	13.409	  571.4286
32	32768	13.266	 1082.4524
32	65536	13.089	 1961.6858
32	131072	13.010	 3537.1331
32	262144	12.957	 5450.4323
32	524288	13.120	 8885.0328
32	1048576	13.088	11994.1431
64	16384	13.098	  571.4286
64	32768	13.348	 1079.0305
64	65536	13.095	 2066.5994
64	131072	13.035	 3949.8554
64	262144	13.091	 7007.6986
64	524288	13.036	10618.2761
64	1048576	13.096	16786.8856
128	16384	13.281	  571.4286
128	32768	13.071	 1110.6291
128	65536	13.145	 2137.7870
128	131072	13.054	 4137.3739
128	262144	13.161	 7104.9433
128	524288	13.139	11889.6951
128	1048576	13.166	17857.2207
